CRITICAL - 2024-10-07 07:01:04 --> Error: Call to undefined method App\Controllers\Home::respond()
[Method: GET, Route: /]
in APPPATH\Controllers\Home.php on line 9.
 1 SYSTEMPATH\CodeIgniter.php(933): App\Controllers\Home->index()
 2 SYSTEMPATH\CodeIgniter.php(509): CodeIgniter\CodeIgniter->runController(Object(App\Controllers\Home))
 3 SYSTEMPATH\CodeIgniter.php(355): CodeIgniter\CodeIgniter->handleRequest(null, Object(Config\Cache), false)
 4 SYSTEMPATH\Boot.php(325): CodeIgniter\CodeIgniter->run()
 5 SYSTEMPATH\Boot.php(67): CodeIgniter\Boot::runCodeIgniter(Object(CodeIgniter\CodeIgniter))
 6 FCPATH\index.php(56): CodeIgniter\Boot::bootWeb(Object(Config\Paths))
CRITICAL - 2024-10-07 07:06:23 --> ErrorException: CodeIgniter\Controller and App\Libraries\ResponseFormat define the same property ($response) in the composition of App\Controllers\Home. However, the definition differs and is considered incompatible. Class was composed
[Method: GET, Route: /]
in APPPATH\Controllers\Home.php on line 8.
 1 [internal function]: CodeIgniter\Debug\Exceptions->shutdownHandler()
CRITICAL - 2024-10-07 07:06:24 --> ErrorException: CodeIgniter\Controller and App\Libraries\ResponseFormat define the same property ($response) in the composition of App\Controllers\Home. However, the definition differs and is considered incompatible. Class was composed
[Method: GET, Route: /]
in APPPATH\Controllers\Home.php on line 8.
 1 [internal function]: CodeIgniter\Debug\Exceptions->shutdownHandler()
CRITICAL - 2024-10-07 07:06:24 --> ErrorException: CodeIgniter\Controller and App\Libraries\ResponseFormat define the same property ($response) in the composition of App\Controllers\Home. However, the definition differs and is considered incompatible. Class was composed
[Method: GET, Route: /]
in APPPATH\Controllers\Home.php on line 8.
 1 [internal function]: CodeIgniter\Debug\Exceptions->shutdownHandler()
CRITICAL - 2024-10-07 07:06:34 --> ErrorException: CodeIgniter\Controller and App\Libraries\ResponseFormat define the same property ($response) in the composition of App\Controllers\Home. However, the definition differs and is considered incompatible. Class was composed
[Method: GET, Route: /]
in APPPATH\Controllers\Home.php on line 8.
 1 [internal function]: CodeIgniter\Debug\Exceptions->shutdownHandler()
CRITICAL - 2024-10-07 07:06:35 --> ErrorException: CodeIgniter\Controller and App\Libraries\ResponseFormat define the same property ($response) in the composition of App\Controllers\Home. However, the definition differs and is considered incompatible. Class was composed
[Method: GET, Route: /]
in APPPATH\Controllers\Home.php on line 8.
 1 [internal function]: CodeIgniter\Debug\Exceptions->shutdownHandler()
CRITICAL - 2024-10-07 07:07:05 --> ErrorException: CodeIgniter\Controller and App\Libraries\ResponseFormat define the same property ($response) in the composition of App\Controllers\Home. However, the definition differs and is considered incompatible. Class was composed
[Method: GET, Route: /]
in APPPATH\Controllers\Home.php on line 8.
 1 [internal function]: CodeIgniter\Debug\Exceptions->shutdownHandler()
CRITICAL - 2024-10-07 07:07:27 --> ErrorException: CodeIgniter\Controller and App\Libraries\ResponseFormat define the same property ($response) in the composition of App\Controllers\Home. However, the definition differs and is considered incompatible. Class was composed
[Method: GET, Route: /]
in APPPATH\Controllers\Home.php on line 8.
 1 [internal function]: CodeIgniter\Debug\Exceptions->shutdownHandler()
CRITICAL - 2024-10-07 07:07:27 --> ErrorException: CodeIgniter\Controller and App\Libraries\ResponseFormat define the same property ($response) in the composition of App\Controllers\Home. However, the definition differs and is considered incompatible. Class was composed
[Method: GET, Route: /]
in APPPATH\Controllers\Home.php on line 8.
 1 [internal function]: CodeIgniter\Debug\Exceptions->shutdownHandler()
CRITICAL - 2024-10-07 07:07:28 --> ErrorException: CodeIgniter\Controller and App\Libraries\ResponseFormat define the same property ($response) in the composition of App\Controllers\Home. However, the definition differs and is considered incompatible. Class was composed
[Method: GET, Route: /]
in APPPATH\Controllers\Home.php on line 8.
 1 [internal function]: CodeIgniter\Debug\Exceptions->shutdownHandler()
CRITICAL - 2024-10-07 07:07:28 --> ErrorException: CodeIgniter\Controller and App\Libraries\ResponseFormat define the same property ($response) in the composition of App\Controllers\Home. However, the definition differs and is considered incompatible. Class was composed
[Method: GET, Route: /]
in APPPATH\Controllers\Home.php on line 8.
 1 [internal function]: CodeIgniter\Debug\Exceptions->shutdownHandler()
CRITICAL - 2024-10-07 07:07:40 --> ErrorException: CodeIgniter\Controller and App\Libraries\ResponseFormat define the same property ($response) in the composition of App\Controllers\Home. However, the definition differs and is considered incompatible. Class was composed
[Method: GET, Route: /]
in APPPATH\Controllers\Home.php on line 8.
 1 [internal function]: CodeIgniter\Debug\Exceptions->shutdownHandler()
CRITICAL - 2024-10-07 07:07:41 --> ErrorException: CodeIgniter\Controller and App\Libraries\ResponseFormat define the same property ($response) in the composition of App\Controllers\Home. However, the definition differs and is considered incompatible. Class was composed
[Method: GET, Route: /]
in APPPATH\Controllers\Home.php on line 8.
 1 [internal function]: CodeIgniter\Debug\Exceptions->shutdownHandler()
CRITICAL - 2024-10-07 07:07:41 --> ErrorException: CodeIgniter\Controller and App\Libraries\ResponseFormat define the same property ($response) in the composition of App\Controllers\Home. However, the definition differs and is considered incompatible. Class was composed
[Method: GET, Route: /]
in APPPATH\Controllers\Home.php on line 8.
 1 [internal function]: CodeIgniter\Debug\Exceptions->shutdownHandler()
CRITICAL - 2024-10-07 07:07:42 --> ErrorException: CodeIgniter\Controller and App\Libraries\ResponseFormat define the same property ($response) in the composition of App\Controllers\Home. However, the definition differs and is considered incompatible. Class was composed
[Method: GET, Route: /]
in APPPATH\Controllers\Home.php on line 8.
 1 [internal function]: CodeIgniter\Debug\Exceptions->shutdownHandler()
CRITICAL - 2024-10-07 07:07:42 --> ErrorException: CodeIgniter\Controller and App\Libraries\ResponseFormat define the same property ($response) in the composition of App\Controllers\Home. However, the definition differs and is considered incompatible. Class was composed
[Method: GET, Route: /]
in APPPATH\Controllers\Home.php on line 8.
 1 [internal function]: CodeIgniter\Debug\Exceptions->shutdownHandler()
CRITICAL - 2024-10-07 07:07:42 --> ErrorException: CodeIgniter\Controller and App\Libraries\ResponseFormat define the same property ($response) in the composition of App\Controllers\Home. However, the definition differs and is considered incompatible. Class was composed
[Method: GET, Route: /]
in APPPATH\Controllers\Home.php on line 8.
 1 [internal function]: CodeIgniter\Debug\Exceptions->shutdownHandler()
CRITICAL - 2024-10-07 07:07:44 --> ErrorException: CodeIgniter\Controller and App\Libraries\ResponseFormat define the same property ($response) in the composition of App\Controllers\Home. However, the definition differs and is considered incompatible. Class was composed
[Method: GET, Route: /]
in APPPATH\Controllers\Home.php on line 8.
 1 [internal function]: CodeIgniter\Debug\Exceptions->shutdownHandler()
CRITICAL - 2024-10-07 07:08:25 --> ErrorException: CodeIgniter\Controller and App\Libraries\ResponseFormat define the same property ($response) in the composition of App\Controllers\Home. However, the definition differs and is considered incompatible. Class was composed
[Method: GET, Route: /]
in APPPATH\Controllers\Home.php on line 8.
 1 [internal function]: CodeIgniter\Debug\Exceptions->shutdownHandler()
CRITICAL - 2024-10-07 07:08:26 --> ErrorException: CodeIgniter\Controller and App\Libraries\ResponseFormat define the same property ($response) in the composition of App\Controllers\Home. However, the definition differs and is considered incompatible. Class was composed
[Method: GET, Route: /]
in APPPATH\Controllers\Home.php on line 8.
 1 [internal function]: CodeIgniter\Debug\Exceptions->shutdownHandler()
CRITICAL - 2024-10-07 07:08:26 --> ErrorException: CodeIgniter\Controller and App\Libraries\ResponseFormat define the same property ($response) in the composition of App\Controllers\Home. However, the definition differs and is considered incompatible. Class was composed
[Method: GET, Route: /]
in APPPATH\Controllers\Home.php on line 8.
 1 [internal function]: CodeIgniter\Debug\Exceptions->shutdownHandler()
CRITICAL - 2024-10-07 07:08:27 --> ErrorException: CodeIgniter\Controller and App\Libraries\ResponseFormat define the same property ($response) in the composition of App\Controllers\Home. However, the definition differs and is considered incompatible. Class was composed
[Method: GET, Route: /]
in APPPATH\Controllers\Home.php on line 8.
 1 [internal function]: CodeIgniter\Debug\Exceptions->shutdownHandler()
CRITICAL - 2024-10-07 07:08:36 --> ErrorException: CodeIgniter\Controller and App\Libraries\ResponseFormat define the same property ($response) in the composition of App\Controllers\Home. However, the definition differs and is considered incompatible. Class was composed
[Method: GET, Route: /]
in APPPATH\Controllers\Home.php on line 8.
 1 [internal function]: CodeIgniter\Debug\Exceptions->shutdownHandler()
CRITICAL - 2024-10-07 07:08:36 --> ErrorException: CodeIgniter\Controller and App\Libraries\ResponseFormat define the same property ($response) in the composition of App\Controllers\Home. However, the definition differs and is considered incompatible. Class was composed
[Method: GET, Route: /]
in APPPATH\Controllers\Home.php on line 8.
 1 [internal function]: CodeIgniter\Debug\Exceptions->shutdownHandler()
CRITICAL - 2024-10-07 07:08:36 --> ErrorException: CodeIgniter\Controller and App\Libraries\ResponseFormat define the same property ($response) in the composition of App\Controllers\Home. However, the definition differs and is considered incompatible. Class was composed
[Method: GET, Route: /]
in APPPATH\Controllers\Home.php on line 8.
 1 [internal function]: CodeIgniter\Debug\Exceptions->shutdownHandler()
CRITICAL - 2024-10-07 07:08:36 --> ErrorException: CodeIgniter\Controller and App\Libraries\ResponseFormat define the same property ($response) in the composition of App\Controllers\Home. However, the definition differs and is considered incompatible. Class was composed
[Method: GET, Route: /]
in APPPATH\Controllers\Home.php on line 8.
 1 [internal function]: CodeIgniter\Debug\Exceptions->shutdownHandler()
CRITICAL - 2024-10-07 07:08:53 --> CodeIgniter\HTTP\Exceptions\HTTPException: 20 is not a valid HTTP return status code
[Method: GET, Route: /]
in SYSTEMPATH\HTTP\ResponseTrait.php on line 82.
 1 SYSTEMPATH\HTTP\ResponseTrait.php(82): CodeIgniter\HTTP\Exceptions\HTTPException::forInvalidStatusCode(20)
 2 SYSTEMPATH\API\ResponseTrait.php(108): CodeIgniter\HTTP\Response->setStatusCode(20, '')
 3 APPPATH\Controllers\Home.php(12): App\Controllers\Home->respond('test', 20)
 4 SYSTEMPATH\CodeIgniter.php(933): App\Controllers\Home->index()
 5 SYSTEMPATH\CodeIgniter.php(509): CodeIgniter\CodeIgniter->runController(Object(App\Controllers\Home))
 6 SYSTEMPATH\CodeIgniter.php(355): CodeIgniter\CodeIgniter->handleRequest(null, Object(Config\Cache), false)
 7 SYSTEMPATH\Boot.php(325): CodeIgniter\CodeIgniter->run()
 8 SYSTEMPATH\Boot.php(67): CodeIgniter\Boot::runCodeIgniter(Object(CodeIgniter\CodeIgniter))
 9 FCPATH\index.php(56): CodeIgniter\Boot::bootWeb(Object(Config\Paths))
CRITICAL - 2024-10-07 07:08:54 --> CodeIgniter\HTTP\Exceptions\HTTPException: 20 is not a valid HTTP return status code
[Method: GET, Route: /]
in SYSTEMPATH\HTTP\ResponseTrait.php on line 82.
 1 SYSTEMPATH\HTTP\ResponseTrait.php(82): CodeIgniter\HTTP\Exceptions\HTTPException::forInvalidStatusCode(20)
 2 SYSTEMPATH\API\ResponseTrait.php(108): CodeIgniter\HTTP\Response->setStatusCode(20, '')
 3 APPPATH\Controllers\Home.php(12): App\Controllers\Home->respond('test', 20)
 4 SYSTEMPATH\CodeIgniter.php(933): App\Controllers\Home->index()
 5 SYSTEMPATH\CodeIgniter.php(509): CodeIgniter\CodeIgniter->runController(Object(App\Controllers\Home))
 6 SYSTEMPATH\CodeIgniter.php(355): CodeIgniter\CodeIgniter->handleRequest(null, Object(Config\Cache), false)
 7 SYSTEMPATH\Boot.php(325): CodeIgniter\CodeIgniter->run()
 8 SYSTEMPATH\Boot.php(67): CodeIgniter\Boot::runCodeIgniter(Object(CodeIgniter\CodeIgniter))
 9 FCPATH\index.php(56): CodeIgniter\Boot::bootWeb(Object(Config\Paths))
CRITICAL - 2024-10-07 07:08:54 --> CodeIgniter\HTTP\Exceptions\HTTPException: 20 is not a valid HTTP return status code
[Method: GET, Route: /]
in SYSTEMPATH\HTTP\ResponseTrait.php on line 82.
 1 SYSTEMPATH\HTTP\ResponseTrait.php(82): CodeIgniter\HTTP\Exceptions\HTTPException::forInvalidStatusCode(20)
 2 SYSTEMPATH\API\ResponseTrait.php(108): CodeIgniter\HTTP\Response->setStatusCode(20, '')
 3 APPPATH\Controllers\Home.php(12): App\Controllers\Home->respond('test', 20)
 4 SYSTEMPATH\CodeIgniter.php(933): App\Controllers\Home->index()
 5 SYSTEMPATH\CodeIgniter.php(509): CodeIgniter\CodeIgniter->runController(Object(App\Controllers\Home))
 6 SYSTEMPATH\CodeIgniter.php(355): CodeIgniter\CodeIgniter->handleRequest(null, Object(Config\Cache), false)
 7 SYSTEMPATH\Boot.php(325): CodeIgniter\CodeIgniter->run()
 8 SYSTEMPATH\Boot.php(67): CodeIgniter\Boot::runCodeIgniter(Object(CodeIgniter\CodeIgniter))
 9 FCPATH\index.php(56): CodeIgniter\Boot::bootWeb(Object(Config\Paths))
CRITICAL - 2024-10-07 07:08:54 --> CodeIgniter\HTTP\Exceptions\HTTPException: 20 is not a valid HTTP return status code
[Method: GET, Route: /]
in SYSTEMPATH\HTTP\ResponseTrait.php on line 82.
 1 SYSTEMPATH\HTTP\ResponseTrait.php(82): CodeIgniter\HTTP\Exceptions\HTTPException::forInvalidStatusCode(20)
 2 SYSTEMPATH\API\ResponseTrait.php(108): CodeIgniter\HTTP\Response->setStatusCode(20, '')
 3 APPPATH\Controllers\Home.php(12): App\Controllers\Home->respond('test', 20)
 4 SYSTEMPATH\CodeIgniter.php(933): App\Controllers\Home->index()
 5 SYSTEMPATH\CodeIgniter.php(509): CodeIgniter\CodeIgniter->runController(Object(App\Controllers\Home))
 6 SYSTEMPATH\CodeIgniter.php(355): CodeIgniter\CodeIgniter->handleRequest(null, Object(Config\Cache), false)
 7 SYSTEMPATH\Boot.php(325): CodeIgniter\CodeIgniter->run()
 8 SYSTEMPATH\Boot.php(67): CodeIgniter\Boot::runCodeIgniter(Object(CodeIgniter\CodeIgniter))
 9 FCPATH\index.php(56): CodeIgniter\Boot::bootWeb(Object(Config\Paths))
CRITICAL - 2024-10-07 07:08:55 --> CodeIgniter\HTTP\Exceptions\HTTPException: 20 is not a valid HTTP return status code
[Method: GET, Route: /]
in SYSTEMPATH\HTTP\ResponseTrait.php on line 82.
 1 SYSTEMPATH\HTTP\ResponseTrait.php(82): CodeIgniter\HTTP\Exceptions\HTTPException::forInvalidStatusCode(20)
 2 SYSTEMPATH\API\ResponseTrait.php(108): CodeIgniter\HTTP\Response->setStatusCode(20, '')
 3 APPPATH\Controllers\Home.php(12): App\Controllers\Home->respond('test', 20)
 4 SYSTEMPATH\CodeIgniter.php(933): App\Controllers\Home->index()
 5 SYSTEMPATH\CodeIgniter.php(509): CodeIgniter\CodeIgniter->runController(Object(App\Controllers\Home))
 6 SYSTEMPATH\CodeIgniter.php(355): CodeIgniter\CodeIgniter->handleRequest(null, Object(Config\Cache), false)
 7 SYSTEMPATH\Boot.php(325): CodeIgniter\CodeIgniter->run()
 8 SYSTEMPATH\Boot.php(67): CodeIgniter\Boot::runCodeIgniter(Object(CodeIgniter\CodeIgniter))
 9 FCPATH\index.php(56): CodeIgniter\Boot::bootWeb(Object(Config\Paths))
CRITICAL - 2024-10-07 07:08:55 --> CodeIgniter\HTTP\Exceptions\HTTPException: 20 is not a valid HTTP return status code
[Method: GET, Route: /]
in SYSTEMPATH\HTTP\ResponseTrait.php on line 82.
 1 SYSTEMPATH\HTTP\ResponseTrait.php(82): CodeIgniter\HTTP\Exceptions\HTTPException::forInvalidStatusCode(20)
 2 SYSTEMPATH\API\ResponseTrait.php(108): CodeIgniter\HTTP\Response->setStatusCode(20, '')
 3 APPPATH\Controllers\Home.php(12): App\Controllers\Home->respond('test', 20)
 4 SYSTEMPATH\CodeIgniter.php(933): App\Controllers\Home->index()
 5 SYSTEMPATH\CodeIgniter.php(509): CodeIgniter\CodeIgniter->runController(Object(App\Controllers\Home))
 6 SYSTEMPATH\CodeIgniter.php(355): CodeIgniter\CodeIgniter->handleRequest(null, Object(Config\Cache), false)
 7 SYSTEMPATH\Boot.php(325): CodeIgniter\CodeIgniter->run()
 8 SYSTEMPATH\Boot.php(67): CodeIgniter\Boot::runCodeIgniter(Object(CodeIgniter\CodeIgniter))
 9 FCPATH\index.php(56): CodeIgniter\Boot::bootWeb(Object(Config\Paths))
CRITICAL - 2024-10-07 07:09:42 --> ErrorException: CodeIgniter\Controller and App\Libraries\ResponseFormat define the same property ($response) in the composition of App\Controllers\Home. However, the definition differs and is considered incompatible. Class was composed
[Method: GET, Route: /]
in APPPATH\Controllers\Home.php on line 8.
 1 [internal function]: CodeIgniter\Debug\Exceptions->shutdownHandler()
CRITICAL - 2024-10-07 07:09:42 --> ErrorException: CodeIgniter\Controller and App\Libraries\ResponseFormat define the same property ($response) in the composition of App\Controllers\Home. However, the definition differs and is considered incompatible. Class was composed
[Method: GET, Route: /]
in APPPATH\Controllers\Home.php on line 8.
 1 [internal function]: CodeIgniter\Debug\Exceptions->shutdownHandler()
CRITICAL - 2024-10-07 07:09:43 --> ErrorException: CodeIgniter\Controller and App\Libraries\ResponseFormat define the same property ($response) in the composition of App\Controllers\Home. However, the definition differs and is considered incompatible. Class was composed
[Method: GET, Route: /]
in APPPATH\Controllers\Home.php on line 8.
 1 [internal function]: CodeIgniter\Debug\Exceptions->shutdownHandler()
CRITICAL - 2024-10-07 07:09:50 --> ErrorException: CodeIgniter\Controller and App\Libraries\ResponseFormat define the same property ($response) in the composition of App\Controllers\Home. However, the definition differs and is considered incompatible. Class was composed
[Method: GET, Route: /]
in APPPATH\Controllers\Home.php on line 8.
 1 [internal function]: CodeIgniter\Debug\Exceptions->shutdownHandler()
CRITICAL - 2024-10-07 07:09:50 --> ErrorException: CodeIgniter\Controller and App\Libraries\ResponseFormat define the same property ($response) in the composition of App\Controllers\Home. However, the definition differs and is considered incompatible. Class was composed
[Method: GET, Route: /]
in APPPATH\Controllers\Home.php on line 8.
 1 [internal function]: CodeIgniter\Debug\Exceptions->shutdownHandler()
CRITICAL - 2024-10-07 07:09:50 --> ErrorException: CodeIgniter\Controller and App\Libraries\ResponseFormat define the same property ($response) in the composition of App\Controllers\Home. However, the definition differs and is considered incompatible. Class was composed
[Method: GET, Route: /]
in APPPATH\Controllers\Home.php on line 8.
 1 [internal function]: CodeIgniter\Debug\Exceptions->shutdownHandler()
CRITICAL - 2024-10-07 07:09:50 --> ErrorException: CodeIgniter\Controller and App\Libraries\ResponseFormat define the same property ($response) in the composition of App\Controllers\Home. However, the definition differs and is considered incompatible. Class was composed
[Method: GET, Route: /]
in APPPATH\Controllers\Home.php on line 8.
 1 [internal function]: CodeIgniter\Debug\Exceptions->shutdownHandler()
CRITICAL - 2024-10-07 07:11:13 --> ErrorException: CodeIgniter\Controller and App\Libraries\ResponseFormat define the same property ($response) in the composition of App\Controllers\Home. However, the definition differs and is considered incompatible. Class was composed
[Method: GET, Route: /]
in APPPATH\Controllers\Home.php on line 8.
 1 [internal function]: CodeIgniter\Debug\Exceptions->shutdownHandler()
CRITICAL - 2024-10-07 07:11:51 --> Error: Cannot use object of type CodeIgniter\HTTP\Response as array
[Method: GET, Route: /]
in APPPATH\Libraries\ResponseFormat.php on line 75.
 1 APPPATH\Controllers\Home.php(15): App\Controllers\Home->addData([...])
 2 SYSTEMPATH\CodeIgniter.php(933): App\Controllers\Home->index()
 3 SYSTEMPATH\CodeIgniter.php(509): CodeIgniter\CodeIgniter->runController(Object(App\Controllers\Home))
 4 SYSTEMPATH\CodeIgniter.php(355): CodeIgniter\CodeIgniter->handleRequest(null, Object(Config\Cache), false)
 5 SYSTEMPATH\Boot.php(325): CodeIgniter\CodeIgniter->run()
 6 SYSTEMPATH\Boot.php(67): CodeIgniter\Boot::runCodeIgniter(Object(CodeIgniter\CodeIgniter))
 7 FCPATH\index.php(56): CodeIgniter\Boot::bootWeb(Object(Config\Paths))
CRITICAL - 2024-10-07 07:11:52 --> Error: Cannot use object of type CodeIgniter\HTTP\Response as array
[Method: GET, Route: /]
in APPPATH\Libraries\ResponseFormat.php on line 75.
 1 APPPATH\Controllers\Home.php(15): App\Controllers\Home->addData([...])
 2 SYSTEMPATH\CodeIgniter.php(933): App\Controllers\Home->index()
 3 SYSTEMPATH\CodeIgniter.php(509): CodeIgniter\CodeIgniter->runController(Object(App\Controllers\Home))
 4 SYSTEMPATH\CodeIgniter.php(355): CodeIgniter\CodeIgniter->handleRequest(null, Object(Config\Cache), false)
 5 SYSTEMPATH\Boot.php(325): CodeIgniter\CodeIgniter->run()
 6 SYSTEMPATH\Boot.php(67): CodeIgniter\Boot::runCodeIgniter(Object(CodeIgniter\CodeIgniter))
 7 FCPATH\index.php(56): CodeIgniter\Boot::bootWeb(Object(Config\Paths))
CRITICAL - 2024-10-07 07:12:21 --> Error: Cannot use object of type CodeIgniter\HTTP\Response as array
[Method: GET, Route: /]
in APPPATH\Libraries\ResponseFormat.php on line 75.
 1 APPPATH\Controllers\Home.php(15): App\Controllers\Home->addData([...])
 2 SYSTEMPATH\CodeIgniter.php(933): App\Controllers\Home->index()
 3 SYSTEMPATH\CodeIgniter.php(509): CodeIgniter\CodeIgniter->runController(Object(App\Controllers\Home))
 4 SYSTEMPATH\CodeIgniter.php(355): CodeIgniter\CodeIgniter->handleRequest(null, Object(Config\Cache), false)
 5 SYSTEMPATH\Boot.php(325): CodeIgniter\CodeIgniter->run()
 6 SYSTEMPATH\Boot.php(67): CodeIgniter\Boot::runCodeIgniter(Object(CodeIgniter\CodeIgniter))
 7 FCPATH\index.php(56): CodeIgniter\Boot::bootWeb(Object(Config\Paths))
CRITICAL - 2024-10-07 07:12:22 --> Error: Cannot use object of type CodeIgniter\HTTP\Response as array
[Method: GET, Route: /]
in APPPATH\Libraries\ResponseFormat.php on line 75.
 1 APPPATH\Controllers\Home.php(15): App\Controllers\Home->addData([...])
 2 SYSTEMPATH\CodeIgniter.php(933): App\Controllers\Home->index()
 3 SYSTEMPATH\CodeIgniter.php(509): CodeIgniter\CodeIgniter->runController(Object(App\Controllers\Home))
 4 SYSTEMPATH\CodeIgniter.php(355): CodeIgniter\CodeIgniter->handleRequest(null, Object(Config\Cache), false)
 5 SYSTEMPATH\Boot.php(325): CodeIgniter\CodeIgniter->run()
 6 SYSTEMPATH\Boot.php(67): CodeIgniter\Boot::runCodeIgniter(Object(CodeIgniter\CodeIgniter))
 7 FCPATH\index.php(56): CodeIgniter\Boot::bootWeb(Object(Config\Paths))
CRITICAL - 2024-10-07 07:12:22 --> Error: Cannot use object of type CodeIgniter\HTTP\Response as array
[Method: GET, Route: /]
in APPPATH\Libraries\ResponseFormat.php on line 75.
 1 APPPATH\Controllers\Home.php(15): App\Controllers\Home->addData([...])
 2 SYSTEMPATH\CodeIgniter.php(933): App\Controllers\Home->index()
 3 SYSTEMPATH\CodeIgniter.php(509): CodeIgniter\CodeIgniter->runController(Object(App\Controllers\Home))
 4 SYSTEMPATH\CodeIgniter.php(355): CodeIgniter\CodeIgniter->handleRequest(null, Object(Config\Cache), false)
 5 SYSTEMPATH\Boot.php(325): CodeIgniter\CodeIgniter->run()
 6 SYSTEMPATH\Boot.php(67): CodeIgniter\Boot::runCodeIgniter(Object(CodeIgniter\CodeIgniter))
 7 FCPATH\index.php(56): CodeIgniter\Boot::bootWeb(Object(Config\Paths))
CRITICAL - 2024-10-07 07:12:22 --> Error: Cannot use object of type CodeIgniter\HTTP\Response as array
[Method: GET, Route: /]
in APPPATH\Libraries\ResponseFormat.php on line 75.
 1 APPPATH\Controllers\Home.php(15): App\Controllers\Home->addData([...])
 2 SYSTEMPATH\CodeIgniter.php(933): App\Controllers\Home->index()
 3 SYSTEMPATH\CodeIgniter.php(509): CodeIgniter\CodeIgniter->runController(Object(App\Controllers\Home))
 4 SYSTEMPATH\CodeIgniter.php(355): CodeIgniter\CodeIgniter->handleRequest(null, Object(Config\Cache), false)
 5 SYSTEMPATH\Boot.php(325): CodeIgniter\CodeIgniter->run()
 6 SYSTEMPATH\Boot.php(67): CodeIgniter\Boot::runCodeIgniter(Object(CodeIgniter\CodeIgniter))
 7 FCPATH\index.php(56): CodeIgniter\Boot::bootWeb(Object(Config\Paths))
CRITICAL - 2024-10-07 07:13:16 --> Error: Cannot use object of type CodeIgniter\HTTP\Response as array
[Method: GET, Route: /]
in APPPATH\Libraries\ResponseFormat.php on line 75.
 1 APPPATH\Controllers\Home.php(16): App\Controllers\Home->addData([...])
 2 SYSTEMPATH\CodeIgniter.php(933): App\Controllers\Home->index()
 3 SYSTEMPATH\CodeIgniter.php(509): CodeIgniter\CodeIgniter->runController(Object(App\Controllers\Home))
 4 SYSTEMPATH\CodeIgniter.php(355): CodeIgniter\CodeIgniter->handleRequest(null, Object(Config\Cache), false)
 5 SYSTEMPATH\Boot.php(325): CodeIgniter\CodeIgniter->run()
 6 SYSTEMPATH\Boot.php(67): CodeIgniter\Boot::runCodeIgniter(Object(CodeIgniter\CodeIgniter))
 7 FCPATH\index.php(56): CodeIgniter\Boot::bootWeb(Object(Config\Paths))
CRITICAL - 2024-10-07 07:13:16 --> Error: Cannot use object of type CodeIgniter\HTTP\Response as array
[Method: GET, Route: /]
in APPPATH\Libraries\ResponseFormat.php on line 75.
 1 APPPATH\Controllers\Home.php(16): App\Controllers\Home->addData([...])
 2 SYSTEMPATH\CodeIgniter.php(933): App\Controllers\Home->index()
 3 SYSTEMPATH\CodeIgniter.php(509): CodeIgniter\CodeIgniter->runController(Object(App\Controllers\Home))
 4 SYSTEMPATH\CodeIgniter.php(355): CodeIgniter\CodeIgniter->handleRequest(null, Object(Config\Cache), false)
 5 SYSTEMPATH\Boot.php(325): CodeIgniter\CodeIgniter->run()
 6 SYSTEMPATH\Boot.php(67): CodeIgniter\Boot::runCodeIgniter(Object(CodeIgniter\CodeIgniter))
 7 FCPATH\index.php(56): CodeIgniter\Boot::bootWeb(Object(Config\Paths))
CRITICAL - 2024-10-07 07:13:17 --> Error: Cannot use object of type CodeIgniter\HTTP\Response as array
[Method: GET, Route: /]
in APPPATH\Libraries\ResponseFormat.php on line 75.
 1 APPPATH\Controllers\Home.php(16): App\Controllers\Home->addData([...])
 2 SYSTEMPATH\CodeIgniter.php(933): App\Controllers\Home->index()
 3 SYSTEMPATH\CodeIgniter.php(509): CodeIgniter\CodeIgniter->runController(Object(App\Controllers\Home))
 4 SYSTEMPATH\CodeIgniter.php(355): CodeIgniter\CodeIgniter->handleRequest(null, Object(Config\Cache), false)
 5 SYSTEMPATH\Boot.php(325): CodeIgniter\CodeIgniter->run()
 6 SYSTEMPATH\Boot.php(67): CodeIgniter\Boot::runCodeIgniter(Object(CodeIgniter\CodeIgniter))
 7 FCPATH\index.php(56): CodeIgniter\Boot::bootWeb(Object(Config\Paths))
CRITICAL - 2024-10-07 07:13:17 --> Error: Cannot use object of type CodeIgniter\HTTP\Response as array
[Method: GET, Route: /]
in APPPATH\Libraries\ResponseFormat.php on line 75.
 1 APPPATH\Controllers\Home.php(16): App\Controllers\Home->addData([...])
 2 SYSTEMPATH\CodeIgniter.php(933): App\Controllers\Home->index()
 3 SYSTEMPATH\CodeIgniter.php(509): CodeIgniter\CodeIgniter->runController(Object(App\Controllers\Home))
 4 SYSTEMPATH\CodeIgniter.php(355): CodeIgniter\CodeIgniter->handleRequest(null, Object(Config\Cache), false)
 5 SYSTEMPATH\Boot.php(325): CodeIgniter\CodeIgniter->run()
 6 SYSTEMPATH\Boot.php(67): CodeIgniter\Boot::runCodeIgniter(Object(CodeIgniter\CodeIgniter))
 7 FCPATH\index.php(56): CodeIgniter\Boot::bootWeb(Object(Config\Paths))
CRITICAL - 2024-10-07 07:13:18 --> Error: Cannot use object of type CodeIgniter\HTTP\Response as array
[Method: GET, Route: /]
in APPPATH\Libraries\ResponseFormat.php on line 75.
 1 APPPATH\Controllers\Home.php(16): App\Controllers\Home->addData([...])
 2 SYSTEMPATH\CodeIgniter.php(933): App\Controllers\Home->index()
 3 SYSTEMPATH\CodeIgniter.php(509): CodeIgniter\CodeIgniter->runController(Object(App\Controllers\Home))
 4 SYSTEMPATH\CodeIgniter.php(355): CodeIgniter\CodeIgniter->handleRequest(null, Object(Config\Cache), false)
 5 SYSTEMPATH\Boot.php(325): CodeIgniter\CodeIgniter->run()
 6 SYSTEMPATH\Boot.php(67): CodeIgniter\Boot::runCodeIgniter(Object(CodeIgniter\CodeIgniter))
 7 FCPATH\index.php(56): CodeIgniter\Boot::bootWeb(Object(Config\Paths))
CRITICAL - 2024-10-07 07:13:18 --> Error: Cannot use object of type CodeIgniter\HTTP\Response as array
[Method: GET, Route: /]
in APPPATH\Libraries\ResponseFormat.php on line 75.
 1 APPPATH\Controllers\Home.php(16): App\Controllers\Home->addData([...])
 2 SYSTEMPATH\CodeIgniter.php(933): App\Controllers\Home->index()
 3 SYSTEMPATH\CodeIgniter.php(509): CodeIgniter\CodeIgniter->runController(Object(App\Controllers\Home))
 4 SYSTEMPATH\CodeIgniter.php(355): CodeIgniter\CodeIgniter->handleRequest(null, Object(Config\Cache), false)
 5 SYSTEMPATH\Boot.php(325): CodeIgniter\CodeIgniter->run()
 6 SYSTEMPATH\Boot.php(67): CodeIgniter\Boot::runCodeIgniter(Object(CodeIgniter\CodeIgniter))
 7 FCPATH\index.php(56): CodeIgniter\Boot::bootWeb(Object(Config\Paths))
CRITICAL - 2024-10-07 07:14:51 --> ErrorException: Undefined property: App\Controllers\Home::$set404CustomDetails
[Method: GET, Route: /]
in APPPATH\Libraries\ResponseFormat.php on line 116.
 1 APPPATH\Libraries\ResponseFormat.php(116): CodeIgniter\Debug\Exceptions->errorHandler(2, 'Undefined property: App\\Controllers\\Home::$set404CustomDetails', 'C:\\wamp64\\www\\site\\architectureLogiciel1\\app\\Libraries\\ResponseFormat.php', 116)
 2 APPPATH\Controllers\Home.php(16): App\Controllers\Home->setCode(200)
 3 SYSTEMPATH\CodeIgniter.php(933): App\Controllers\Home->index()
 4 SYSTEMPATH\CodeIgniter.php(509): CodeIgniter\CodeIgniter->runController(Object(App\Controllers\Home))
 5 SYSTEMPATH\CodeIgniter.php(355): CodeIgniter\CodeIgniter->handleRequest(null, Object(Config\Cache), false)
 6 SYSTEMPATH\Boot.php(325): CodeIgniter\CodeIgniter->run()
 7 SYSTEMPATH\Boot.php(67): CodeIgniter\Boot::runCodeIgniter(Object(CodeIgniter\CodeIgniter))
 8 FCPATH\index.php(56): CodeIgniter\Boot::bootWeb(Object(Config\Paths))
CRITICAL - 2024-10-07 07:55:04 --> CodeIgniter\Router\Exceptions\RouterException: The namespace delimiter is a backslash (\), not a slash (/). Route handler: "\App\Controllers\Users:get/$1"
[Method: GET, Route: users/2]
in SYSTEMPATH\Router\Router.php on line 492.
 1 SYSTEMPATH\Router\Router.php(492): CodeIgniter\Router\Exceptions\RouterException::forInvalidControllerName('\\App\\Controllers\\Users:get/$1')
 2 SYSTEMPATH\Router\Router.php(210): CodeIgniter\Router\Router->checkRoutes('users/2')
 3 SYSTEMPATH\CodeIgniter.php(834): CodeIgniter\Router\Router->handle('users/2')
 4 SYSTEMPATH\CodeIgniter.php(457): CodeIgniter\CodeIgniter->tryToRouteIt(Object(CodeIgniter\Router\RouteCollection))
 5 SYSTEMPATH\CodeIgniter.php(355): CodeIgniter\CodeIgniter->handleRequest(null, Object(Config\Cache), false)
 6 SYSTEMPATH\Boot.php(325): CodeIgniter\CodeIgniter->run()
 7 SYSTEMPATH\Boot.php(67): CodeIgniter\Boot::runCodeIgniter(Object(CodeIgniter\CodeIgniter))
 8 FCPATH\index.php(56): CodeIgniter\Boot::bootWeb(Object(Config\Paths))
CRITICAL - 2024-10-07 07:55:05 --> CodeIgniter\Router\Exceptions\RouterException: The namespace delimiter is a backslash (\), not a slash (/). Route handler: "\App\Controllers\Users:get/$1"
[Method: GET, Route: users/2]
in SYSTEMPATH\Router\Router.php on line 492.
 1 SYSTEMPATH\Router\Router.php(492): CodeIgniter\Router\Exceptions\RouterException::forInvalidControllerName('\\App\\Controllers\\Users:get/$1')
 2 SYSTEMPATH\Router\Router.php(210): CodeIgniter\Router\Router->checkRoutes('users/2')
 3 SYSTEMPATH\CodeIgniter.php(834): CodeIgniter\Router\Router->handle('users/2')
 4 SYSTEMPATH\CodeIgniter.php(457): CodeIgniter\CodeIgniter->tryToRouteIt(Object(CodeIgniter\Router\RouteCollection))
 5 SYSTEMPATH\CodeIgniter.php(355): CodeIgniter\CodeIgniter->handleRequest(null, Object(Config\Cache), false)
 6 SYSTEMPATH\Boot.php(325): CodeIgniter\CodeIgniter->run()
 7 SYSTEMPATH\Boot.php(67): CodeIgniter\Boot::runCodeIgniter(Object(CodeIgniter\CodeIgniter))
 8 FCPATH\index.php(56): CodeIgniter\Boot::bootWeb(Object(Config\Paths))
CRITICAL - 2024-10-07 07:56:22 --> CodeIgniter\HTTP\Exceptions\BadRequestException: The URI you submitted has disallowed characters: "é"
[Method: GET, Route: users/%C3%A9]
in SYSTEMPATH\Router\Router.php on line 737.
 1 SYSTEMPATH\Router\Router.php(204): CodeIgniter\Router\Router->checkDisallowedChars('users/é')
 2 SYSTEMPATH\CodeIgniter.php(834): CodeIgniter\Router\Router->handle('users/é')
 3 SYSTEMPATH\CodeIgniter.php(457): CodeIgniter\CodeIgniter->tryToRouteIt(Object(CodeIgniter\Router\RouteCollection))
 4 SYSTEMPATH\CodeIgniter.php(355): CodeIgniter\CodeIgniter->handleRequest(null, Object(Config\Cache), false)
 5 SYSTEMPATH\Boot.php(325): CodeIgniter\CodeIgniter->run()
 6 SYSTEMPATH\Boot.php(67): CodeIgniter\Boot::runCodeIgniter(Object(CodeIgniter\CodeIgniter))
 7 FCPATH\index.php(56): CodeIgniter\Boot::bootWeb(Object(Config\Paths))
 8 SYSTEMPATH\rewrite.php(44): require_once('C:\\wamp64\\www\\site\\architectureLogiciel1\\public\\index.php')
CRITICAL - 2024-10-07 07:56:26 --> CodeIgniter\Router\Exceptions\RouterException: The namespace delimiter is a backslash (\), not a slash (/). Route handler: "\App\Controllers\Users:get/$1"
[Method: GET, Route: users/2]
in SYSTEMPATH\Router\Router.php on line 492.
 1 SYSTEMPATH\Router\Router.php(492): CodeIgniter\Router\Exceptions\RouterException::forInvalidControllerName('\\App\\Controllers\\Users:get/$1')
 2 SYSTEMPATH\Router\Router.php(210): CodeIgniter\Router\Router->checkRoutes('users/2')
 3 SYSTEMPATH\CodeIgniter.php(834): CodeIgniter\Router\Router->handle('users/2')
 4 SYSTEMPATH\CodeIgniter.php(457): CodeIgniter\CodeIgniter->tryToRouteIt(Object(CodeIgniter\Router\RouteCollection))
 5 SYSTEMPATH\CodeIgniter.php(355): CodeIgniter\CodeIgniter->handleRequest(null, Object(Config\Cache), false)
 6 SYSTEMPATH\Boot.php(325): CodeIgniter\CodeIgniter->run()
 7 SYSTEMPATH\Boot.php(67): CodeIgniter\Boot::runCodeIgniter(Object(CodeIgniter\CodeIgniter))
 8 FCPATH\index.php(56): CodeIgniter\Boot::bootWeb(Object(Config\Paths))
 9 SYSTEMPATH\rewrite.php(44): require_once('C:\\wamp64\\www\\site\\architectureLogiciel1\\public\\index.php')
CRITICAL - 2024-10-07 07:56:41 --> CodeIgniter\Router\Exceptions\RouterException: The namespace delimiter is a backslash (\), not a slash (/). Route handler: "\App\Controllers\Users:get/$1"
[Method: GET, Route: /]
in SYSTEMPATH\Router\Router.php on line 492.
 1 SYSTEMPATH\Router\Router.php(492): CodeIgniter\Router\Exceptions\RouterException::forInvalidControllerName('\\App\\Controllers\\Users:get/$1')
 2 SYSTEMPATH\Router\Router.php(210): CodeIgniter\Router\Router->checkRoutes('/')
 3 SYSTEMPATH\CodeIgniter.php(834): CodeIgniter\Router\Router->handle('/')
 4 SYSTEMPATH\CodeIgniter.php(457): CodeIgniter\CodeIgniter->tryToRouteIt(Object(CodeIgniter\Router\RouteCollection))
 5 SYSTEMPATH\CodeIgniter.php(355): CodeIgniter\CodeIgniter->handleRequest(null, Object(Config\Cache), false)
 6 SYSTEMPATH\Boot.php(325): CodeIgniter\CodeIgniter->run()
 7 SYSTEMPATH\Boot.php(67): CodeIgniter\Boot::runCodeIgniter(Object(CodeIgniter\CodeIgniter))
 8 FCPATH\index.php(56): CodeIgniter\Boot::bootWeb(Object(Config\Paths))
CRITICAL - 2024-10-07 07:56:42 --> CodeIgniter\Router\Exceptions\RouterException: The namespace delimiter is a backslash (\), not a slash (/). Route handler: "\App\Controllers\Users:get/$1"
[Method: GET, Route: /]
in SYSTEMPATH\Router\Router.php on line 492.
 1 SYSTEMPATH\Router\Router.php(492): CodeIgniter\Router\Exceptions\RouterException::forInvalidControllerName('\\App\\Controllers\\Users:get/$1')
 2 SYSTEMPATH\Router\Router.php(210): CodeIgniter\Router\Router->checkRoutes('/')
 3 SYSTEMPATH\CodeIgniter.php(834): CodeIgniter\Router\Router->handle('/')
 4 SYSTEMPATH\CodeIgniter.php(457): CodeIgniter\CodeIgniter->tryToRouteIt(Object(CodeIgniter\Router\RouteCollection))
 5 SYSTEMPATH\CodeIgniter.php(355): CodeIgniter\CodeIgniter->handleRequest(null, Object(Config\Cache), false)
 6 SYSTEMPATH\Boot.php(325): CodeIgniter\CodeIgniter->run()
 7 SYSTEMPATH\Boot.php(67): CodeIgniter\Boot::runCodeIgniter(Object(CodeIgniter\CodeIgniter))
 8 FCPATH\index.php(56): CodeIgniter\Boot::bootWeb(Object(Config\Paths))
CRITICAL - 2024-10-07 07:56:42 --> CodeIgniter\Router\Exceptions\RouterException: The namespace delimiter is a backslash (\), not a slash (/). Route handler: "\App\Controllers\Users:get/$1"
[Method: GET, Route: /]
in SYSTEMPATH\Router\Router.php on line 492.
 1 SYSTEMPATH\Router\Router.php(492): CodeIgniter\Router\Exceptions\RouterException::forInvalidControllerName('\\App\\Controllers\\Users:get/$1')
 2 SYSTEMPATH\Router\Router.php(210): CodeIgniter\Router\Router->checkRoutes('/')
 3 SYSTEMPATH\CodeIgniter.php(834): CodeIgniter\Router\Router->handle('/')
 4 SYSTEMPATH\CodeIgniter.php(457): CodeIgniter\CodeIgniter->tryToRouteIt(Object(CodeIgniter\Router\RouteCollection))
 5 SYSTEMPATH\CodeIgniter.php(355): CodeIgniter\CodeIgniter->handleRequest(null, Object(Config\Cache), false)
 6 SYSTEMPATH\Boot.php(325): CodeIgniter\CodeIgniter->run()
 7 SYSTEMPATH\Boot.php(67): CodeIgniter\Boot::runCodeIgniter(Object(CodeIgniter\CodeIgniter))
 8 FCPATH\index.php(56): CodeIgniter\Boot::bootWeb(Object(Config\Paths))
CRITICAL - 2024-10-07 07:56:42 --> CodeIgniter\Router\Exceptions\RouterException: The namespace delimiter is a backslash (\), not a slash (/). Route handler: "\App\Controllers\Users:get/$1"
[Method: GET, Route: /]
in SYSTEMPATH\Router\Router.php on line 492.
 1 SYSTEMPATH\Router\Router.php(492): CodeIgniter\Router\Exceptions\RouterException::forInvalidControllerName('\\App\\Controllers\\Users:get/$1')
 2 SYSTEMPATH\Router\Router.php(210): CodeIgniter\Router\Router->checkRoutes('/')
 3 SYSTEMPATH\CodeIgniter.php(834): CodeIgniter\Router\Router->handle('/')
 4 SYSTEMPATH\CodeIgniter.php(457): CodeIgniter\CodeIgniter->tryToRouteIt(Object(CodeIgniter\Router\RouteCollection))
 5 SYSTEMPATH\CodeIgniter.php(355): CodeIgniter\CodeIgniter->handleRequest(null, Object(Config\Cache), false)
 6 SYSTEMPATH\Boot.php(325): CodeIgniter\CodeIgniter->run()
 7 SYSTEMPATH\Boot.php(67): CodeIgniter\Boot::runCodeIgniter(Object(CodeIgniter\CodeIgniter))
 8 FCPATH\index.php(56): CodeIgniter\Boot::bootWeb(Object(Config\Paths))
CRITICAL - 2024-10-07 07:56:43 --> CodeIgniter\Router\Exceptions\RouterException: The namespace delimiter is a backslash (\), not a slash (/). Route handler: "\App\Controllers\Users:get/$1"
[Method: GET, Route: /]
in SYSTEMPATH\Router\Router.php on line 492.
 1 SYSTEMPATH\Router\Router.php(492): CodeIgniter\Router\Exceptions\RouterException::forInvalidControllerName('\\App\\Controllers\\Users:get/$1')
 2 SYSTEMPATH\Router\Router.php(210): CodeIgniter\Router\Router->checkRoutes('/')
 3 SYSTEMPATH\CodeIgniter.php(834): CodeIgniter\Router\Router->handle('/')
 4 SYSTEMPATH\CodeIgniter.php(457): CodeIgniter\CodeIgniter->tryToRouteIt(Object(CodeIgniter\Router\RouteCollection))
 5 SYSTEMPATH\CodeIgniter.php(355): CodeIgniter\CodeIgniter->handleRequest(null, Object(Config\Cache), false)
 6 SYSTEMPATH\Boot.php(325): CodeIgniter\CodeIgniter->run()
 7 SYSTEMPATH\Boot.php(67): CodeIgniter\Boot::runCodeIgniter(Object(CodeIgniter\CodeIgniter))
 8 FCPATH\index.php(56): CodeIgniter\Boot::bootWeb(Object(Config\Paths))
CRITICAL - 2024-10-07 07:57:01 --> CodeIgniter\Router\Exceptions\RouterException: The namespace delimiter is a backslash (\), not a slash (/). Route handler: "\App\Controllers\Users:get/$1"
[Method: GET, Route: /]
in SYSTEMPATH\Router\Router.php on line 492.
 1 SYSTEMPATH\Router\Router.php(492): CodeIgniter\Router\Exceptions\RouterException::forInvalidControllerName('\\App\\Controllers\\Users:get/$1')
 2 SYSTEMPATH\Router\Router.php(210): CodeIgniter\Router\Router->checkRoutes('/')
 3 SYSTEMPATH\CodeIgniter.php(834): CodeIgniter\Router\Router->handle('/')
 4 SYSTEMPATH\CodeIgniter.php(457): CodeIgniter\CodeIgniter->tryToRouteIt(Object(CodeIgniter\Router\RouteCollection))
 5 SYSTEMPATH\CodeIgniter.php(355): CodeIgniter\CodeIgniter->handleRequest(null, Object(Config\Cache), false)
 6 SYSTEMPATH\Boot.php(325): CodeIgniter\CodeIgniter->run()
 7 SYSTEMPATH\Boot.php(67): CodeIgniter\Boot::runCodeIgniter(Object(CodeIgniter\CodeIgniter))
 8 FCPATH\index.php(56): CodeIgniter\Boot::bootWeb(Object(Config\Paths))
CRITICAL - 2024-10-07 07:57:01 --> CodeIgniter\Router\Exceptions\RouterException: The namespace delimiter is a backslash (\), not a slash (/). Route handler: "\App\Controllers\Users:get/$1"
[Method: GET, Route: /]
in SYSTEMPATH\Router\Router.php on line 492.
 1 SYSTEMPATH\Router\Router.php(492): CodeIgniter\Router\Exceptions\RouterException::forInvalidControllerName('\\App\\Controllers\\Users:get/$1')
 2 SYSTEMPATH\Router\Router.php(210): CodeIgniter\Router\Router->checkRoutes('/')
 3 SYSTEMPATH\CodeIgniter.php(834): CodeIgniter\Router\Router->handle('/')
 4 SYSTEMPATH\CodeIgniter.php(457): CodeIgniter\CodeIgniter->tryToRouteIt(Object(CodeIgniter\Router\RouteCollection))
 5 SYSTEMPATH\CodeIgniter.php(355): CodeIgniter\CodeIgniter->handleRequest(null, Object(Config\Cache), false)
 6 SYSTEMPATH\Boot.php(325): CodeIgniter\CodeIgniter->run()
 7 SYSTEMPATH\Boot.php(67): CodeIgniter\Boot::runCodeIgniter(Object(CodeIgniter\CodeIgniter))
 8 FCPATH\index.php(56): CodeIgniter\Boot::bootWeb(Object(Config\Paths))
CRITICAL - 2024-10-07 07:57:01 --> CodeIgniter\Router\Exceptions\RouterException: The namespace delimiter is a backslash (\), not a slash (/). Route handler: "\App\Controllers\Users:get/$1"
[Method: GET, Route: /]
in SYSTEMPATH\Router\Router.php on line 492.
 1 SYSTEMPATH\Router\Router.php(492): CodeIgniter\Router\Exceptions\RouterException::forInvalidControllerName('\\App\\Controllers\\Users:get/$1')
 2 SYSTEMPATH\Router\Router.php(210): CodeIgniter\Router\Router->checkRoutes('/')
 3 SYSTEMPATH\CodeIgniter.php(834): CodeIgniter\Router\Router->handle('/')
 4 SYSTEMPATH\CodeIgniter.php(457): CodeIgniter\CodeIgniter->tryToRouteIt(Object(CodeIgniter\Router\RouteCollection))
 5 SYSTEMPATH\CodeIgniter.php(355): CodeIgniter\CodeIgniter->handleRequest(null, Object(Config\Cache), false)
 6 SYSTEMPATH\Boot.php(325): CodeIgniter\CodeIgniter->run()
 7 SYSTEMPATH\Boot.php(67): CodeIgniter\Boot::runCodeIgniter(Object(CodeIgniter\CodeIgniter))
 8 FCPATH\index.php(56): CodeIgniter\Boot::bootWeb(Object(Config\Paths))
CRITICAL - 2024-10-07 07:57:02 --> CodeIgniter\Router\Exceptions\RouterException: The namespace delimiter is a backslash (\), not a slash (/). Route handler: "\App\Controllers\Users:get/$1"
[Method: GET, Route: /]
in SYSTEMPATH\Router\Router.php on line 492.
 1 SYSTEMPATH\Router\Router.php(492): CodeIgniter\Router\Exceptions\RouterException::forInvalidControllerName('\\App\\Controllers\\Users:get/$1')
 2 SYSTEMPATH\Router\Router.php(210): CodeIgniter\Router\Router->checkRoutes('/')
 3 SYSTEMPATH\CodeIgniter.php(834): CodeIgniter\Router\Router->handle('/')
 4 SYSTEMPATH\CodeIgniter.php(457): CodeIgniter\CodeIgniter->tryToRouteIt(Object(CodeIgniter\Router\RouteCollection))
 5 SYSTEMPATH\CodeIgniter.php(355): CodeIgniter\CodeIgniter->handleRequest(null, Object(Config\Cache), false)
 6 SYSTEMPATH\Boot.php(325): CodeIgniter\CodeIgniter->run()
 7 SYSTEMPATH\Boot.php(67): CodeIgniter\Boot::runCodeIgniter(Object(CodeIgniter\CodeIgniter))
 8 FCPATH\index.php(56): CodeIgniter\Boot::bootWeb(Object(Config\Paths))
CRITICAL - 2024-10-07 07:57:16 --> CodeIgniter\Router\Exceptions\RouterException: The namespace delimiter is a backslash (\), not a slash (/). Route handler: "\App\Controllers\Users:get/$1"
[Method: GET, Route: /]
in SYSTEMPATH\Router\Router.php on line 492.
 1 SYSTEMPATH\Router\Router.php(492): CodeIgniter\Router\Exceptions\RouterException::forInvalidControllerName('\\App\\Controllers\\Users:get/$1')
 2 SYSTEMPATH\Router\Router.php(210): CodeIgniter\Router\Router->checkRoutes('/')
 3 SYSTEMPATH\CodeIgniter.php(834): CodeIgniter\Router\Router->handle('/')
 4 SYSTEMPATH\CodeIgniter.php(457): CodeIgniter\CodeIgniter->tryToRouteIt(Object(CodeIgniter\Router\RouteCollection))
 5 SYSTEMPATH\CodeIgniter.php(355): CodeIgniter\CodeIgniter->handleRequest(null, Object(Config\Cache), false)
 6 SYSTEMPATH\Boot.php(325): CodeIgniter\CodeIgniter->run()
 7 SYSTEMPATH\Boot.php(67): CodeIgniter\Boot::runCodeIgniter(Object(CodeIgniter\CodeIgniter))
 8 FCPATH\index.php(56): CodeIgniter\Boot::bootWeb(Object(Config\Paths))
CRITICAL - 2024-10-07 07:57:16 --> CodeIgniter\Router\Exceptions\RouterException: The namespace delimiter is a backslash (\), not a slash (/). Route handler: "\App\Controllers\Users:get/$1"
[Method: GET, Route: /]
in SYSTEMPATH\Router\Router.php on line 492.
 1 SYSTEMPATH\Router\Router.php(492): CodeIgniter\Router\Exceptions\RouterException::forInvalidControllerName('\\App\\Controllers\\Users:get/$1')
 2 SYSTEMPATH\Router\Router.php(210): CodeIgniter\Router\Router->checkRoutes('/')
 3 SYSTEMPATH\CodeIgniter.php(834): CodeIgniter\Router\Router->handle('/')
 4 SYSTEMPATH\CodeIgniter.php(457): CodeIgniter\CodeIgniter->tryToRouteIt(Object(CodeIgniter\Router\RouteCollection))
 5 SYSTEMPATH\CodeIgniter.php(355): CodeIgniter\CodeIgniter->handleRequest(null, Object(Config\Cache), false)
 6 SYSTEMPATH\Boot.php(325): CodeIgniter\CodeIgniter->run()
 7 SYSTEMPATH\Boot.php(67): CodeIgniter\Boot::runCodeIgniter(Object(CodeIgniter\CodeIgniter))
 8 FCPATH\index.php(56): CodeIgniter\Boot::bootWeb(Object(Config\Paths))
CRITICAL - 2024-10-07 07:57:16 --> CodeIgniter\Router\Exceptions\RouterException: The namespace delimiter is a backslash (\), not a slash (/). Route handler: "\App\Controllers\Users:get/$1"
[Method: GET, Route: /]
in SYSTEMPATH\Router\Router.php on line 492.
 1 SYSTEMPATH\Router\Router.php(492): CodeIgniter\Router\Exceptions\RouterException::forInvalidControllerName('\\App\\Controllers\\Users:get/$1')
 2 SYSTEMPATH\Router\Router.php(210): CodeIgniter\Router\Router->checkRoutes('/')
 3 SYSTEMPATH\CodeIgniter.php(834): CodeIgniter\Router\Router->handle('/')
 4 SYSTEMPATH\CodeIgniter.php(457): CodeIgniter\CodeIgniter->tryToRouteIt(Object(CodeIgniter\Router\RouteCollection))
 5 SYSTEMPATH\CodeIgniter.php(355): CodeIgniter\CodeIgniter->handleRequest(null, Object(Config\Cache), false)
 6 SYSTEMPATH\Boot.php(325): CodeIgniter\CodeIgniter->run()
 7 SYSTEMPATH\Boot.php(67): CodeIgniter\Boot::runCodeIgniter(Object(CodeIgniter\CodeIgniter))
 8 FCPATH\index.php(56): CodeIgniter\Boot::bootWeb(Object(Config\Paths))
CRITICAL - 2024-10-07 07:57:53 --> CodeIgniter\Router\Exceptions\RouterException: The namespace delimiter is a backslash (\), not a slash (/). Route handler: "\App\Controllers\Users:get/$1"
[Method: GET, Route: /]
in SYSTEMPATH\Router\Router.php on line 492.
 1 SYSTEMPATH\Router\Router.php(492): CodeIgniter\Router\Exceptions\RouterException::forInvalidControllerName('\\App\\Controllers\\Users:get/$1')
 2 SYSTEMPATH\Router\Router.php(210): CodeIgniter\Router\Router->checkRoutes('/')
 3 SYSTEMPATH\CodeIgniter.php(834): CodeIgniter\Router\Router->handle('/')
 4 SYSTEMPATH\CodeIgniter.php(457): CodeIgniter\CodeIgniter->tryToRouteIt(Object(CodeIgniter\Router\RouteCollection))
 5 SYSTEMPATH\CodeIgniter.php(355): CodeIgniter\CodeIgniter->handleRequest(null, Object(Config\Cache), false)
 6 SYSTEMPATH\Boot.php(325): CodeIgniter\CodeIgniter->run()
 7 SYSTEMPATH\Boot.php(67): CodeIgniter\Boot::runCodeIgniter(Object(CodeIgniter\CodeIgniter))
 8 FCPATH\index.php(56): CodeIgniter\Boot::bootWeb(Object(Config\Paths))
CRITICAL - 2024-10-07 07:57:57 --> CodeIgniter\HTTP\Exceptions\BadRequestException: The URI you submitted has disallowed characters: "é"
[Method: GET, Route: users/%C3%A9]
in SYSTEMPATH\Router\Router.php on line 737.
 1 SYSTEMPATH\Router\Router.php(204): CodeIgniter\Router\Router->checkDisallowedChars('users/é')
 2 SYSTEMPATH\CodeIgniter.php(834): CodeIgniter\Router\Router->handle('users/é')
 3 SYSTEMPATH\CodeIgniter.php(457): CodeIgniter\CodeIgniter->tryToRouteIt(Object(CodeIgniter\Router\RouteCollection))
 4 SYSTEMPATH\CodeIgniter.php(355): CodeIgniter\CodeIgniter->handleRequest(null, Object(Config\Cache), false)
 5 SYSTEMPATH\Boot.php(325): CodeIgniter\CodeIgniter->run()
 6 SYSTEMPATH\Boot.php(67): CodeIgniter\Boot::runCodeIgniter(Object(CodeIgniter\CodeIgniter))
 7 FCPATH\index.php(56): CodeIgniter\Boot::bootWeb(Object(Config\Paths))
CRITICAL - 2024-10-07 07:59:47 --> Error: Call to a member function getLinkProfile() on null
[Method: GET, Route: users/10]
in APPPATH\Controllers\Users.php on line 24.
 1 SYSTEMPATH\CodeIgniter.php(933): App\Controllers\Users->get(10)
 2 SYSTEMPATH\CodeIgniter.php(509): CodeIgniter\CodeIgniter->runController(Object(App\Controllers\Users))
 3 SYSTEMPATH\CodeIgniter.php(355): CodeIgniter\CodeIgniter->handleRequest(null, Object(Config\Cache), false)
 4 SYSTEMPATH\Boot.php(325): CodeIgniter\CodeIgniter->run()
 5 SYSTEMPATH\Boot.php(67): CodeIgniter\Boot::runCodeIgniter(Object(CodeIgniter\CodeIgniter))
 6 FCPATH\index.php(56): CodeIgniter\Boot::bootWeb(Object(Config\Paths))
CRITICAL - 2024-10-07 07:59:54 --> CodeIgniter\HTTP\Exceptions\HTTPException: Failed to parse JSON string. Error: Syntax error
[Method: POST, Route: users]
in SYSTEMPATH\HTTP\IncomingRequest.php on line 537.
 1 SYSTEMPATH\HTTP\IncomingRequest.php(537): CodeIgniter\HTTP\Exceptions\HTTPException::forInvalidJSON('Syntax error')
 2 APPPATH\Controllers\Users.php(33): CodeIgniter\HTTP\IncomingRequest->getJSON()
 3 SYSTEMPATH\CodeIgniter.php(933): App\Controllers\Users->create()
 4 SYSTEMPATH\CodeIgniter.php(509): CodeIgniter\CodeIgniter->runController(Object(App\Controllers\Users))
 5 SYSTEMPATH\CodeIgniter.php(355): CodeIgniter\CodeIgniter->handleRequest(null, Object(Config\Cache), false)
 6 SYSTEMPATH\Boot.php(325): CodeIgniter\CodeIgniter->run()
 7 SYSTEMPATH\Boot.php(67): CodeIgniter\Boot::runCodeIgniter(Object(CodeIgniter\CodeIgniter))
 8 FCPATH\index.php(56): CodeIgniter\Boot::bootWeb(Object(Config\Paths))
CRITICAL - 2024-10-07 07:59:56 --> CodeIgniter\HTTP\Exceptions\HTTPException: Failed to parse JSON string. Error: Syntax error
[Method: POST, Route: users]
in SYSTEMPATH\HTTP\IncomingRequest.php on line 537.
 1 SYSTEMPATH\HTTP\IncomingRequest.php(537): CodeIgniter\HTTP\Exceptions\HTTPException::forInvalidJSON('Syntax error')
 2 APPPATH\Controllers\Users.php(33): CodeIgniter\HTTP\IncomingRequest->getJSON()
 3 SYSTEMPATH\CodeIgniter.php(933): App\Controllers\Users->create()
 4 SYSTEMPATH\CodeIgniter.php(509): CodeIgniter\CodeIgniter->runController(Object(App\Controllers\Users))
 5 SYSTEMPATH\CodeIgniter.php(355): CodeIgniter\CodeIgniter->handleRequest(null, Object(Config\Cache), false)
 6 SYSTEMPATH\Boot.php(325): CodeIgniter\CodeIgniter->run()
 7 SYSTEMPATH\Boot.php(67): CodeIgniter\Boot::runCodeIgniter(Object(CodeIgniter\CodeIgniter))
 8 FCPATH\index.php(56): CodeIgniter\Boot::bootWeb(Object(Config\Paths))
CRITICAL - 2024-10-07 08:00:21 --> CodeIgniter\HTTP\Exceptions\HTTPException: Failed to parse JSON string. Error: Syntax error
[Method: POST, Route: users]
in SYSTEMPATH\HTTP\IncomingRequest.php on line 537.
 1 SYSTEMPATH\HTTP\IncomingRequest.php(537): CodeIgniter\HTTP\Exceptions\HTTPException::forInvalidJSON('Syntax error')
 2 APPPATH\Controllers\Users.php(33): CodeIgniter\HTTP\IncomingRequest->getJSON()
 3 SYSTEMPATH\CodeIgniter.php(933): App\Controllers\Users->create()
 4 SYSTEMPATH\CodeIgniter.php(509): CodeIgniter\CodeIgniter->runController(Object(App\Controllers\Users))
 5 SYSTEMPATH\CodeIgniter.php(355): CodeIgniter\CodeIgniter->handleRequest(null, Object(Config\Cache), false)
 6 SYSTEMPATH\Boot.php(325): CodeIgniter\CodeIgniter->run()
 7 SYSTEMPATH\Boot.php(67): CodeIgniter\Boot::runCodeIgniter(Object(CodeIgniter\CodeIgniter))
 8 FCPATH\index.php(56): CodeIgniter\Boot::bootWeb(Object(Config\Paths))
CRITICAL - 2024-10-07 08:13:15 --> CodeIgniter\HTTP\Exceptions\HTTPException: Failed to parse JSON string. Error: Syntax error
[Method: POST, Route: users]
in SYSTEMPATH\HTTP\IncomingRequest.php on line 537.
 1 SYSTEMPATH\HTTP\IncomingRequest.php(537): CodeIgniter\HTTP\Exceptions\HTTPException::forInvalidJSON('Syntax error')
 2 APPPATH\Controllers\Users.php(33): CodeIgniter\HTTP\IncomingRequest->getJSON()
 3 SYSTEMPATH\CodeIgniter.php(933): App\Controllers\Users->create()
 4 SYSTEMPATH\CodeIgniter.php(509): CodeIgniter\CodeIgniter->runController(Object(App\Controllers\Users))
 5 SYSTEMPATH\CodeIgniter.php(355): CodeIgniter\CodeIgniter->handleRequest(null, Object(Config\Cache), false)
 6 SYSTEMPATH\Boot.php(325): CodeIgniter\CodeIgniter->run()
 7 SYSTEMPATH\Boot.php(67): CodeIgniter\Boot::runCodeIgniter(Object(CodeIgniter\CodeIgniter))
 8 FCPATH\index.php(56): CodeIgniter\Boot::bootWeb(Object(Config\Paths))
CRITICAL - 2024-10-07 08:14:05 --> CodeIgniter\HTTP\Exceptions\HTTPException: Failed to parse JSON string. Error: Syntax error
[Method: POST, Route: users]
in SYSTEMPATH\HTTP\IncomingRequest.php on line 537.
 1 SYSTEMPATH\HTTP\IncomingRequest.php(537): CodeIgniter\HTTP\Exceptions\HTTPException::forInvalidJSON('Syntax error')
 2 APPPATH\Controllers\Users.php(33): CodeIgniter\HTTP\IncomingRequest->getJSON()
 3 SYSTEMPATH\CodeIgniter.php(933): App\Controllers\Users->create()
 4 SYSTEMPATH\CodeIgniter.php(509): CodeIgniter\CodeIgniter->runController(Object(App\Controllers\Users))
 5 SYSTEMPATH\CodeIgniter.php(355): CodeIgniter\CodeIgniter->handleRequest(null, Object(Config\Cache), false)
 6 SYSTEMPATH\Boot.php(325): CodeIgniter\CodeIgniter->run()
 7 SYSTEMPATH\Boot.php(67): CodeIgniter\Boot::runCodeIgniter(Object(CodeIgniter\CodeIgniter))
 8 FCPATH\index.php(56): CodeIgniter\Boot::bootWeb(Object(Config\Paths))
CRITICAL - 2024-10-07 08:14:07 --> CodeIgniter\HTTP\Exceptions\HTTPException: Failed to parse JSON string. Error: Syntax error
[Method: POST, Route: users]
in SYSTEMPATH\HTTP\IncomingRequest.php on line 537.
 1 SYSTEMPATH\HTTP\IncomingRequest.php(537): CodeIgniter\HTTP\Exceptions\HTTPException::forInvalidJSON('Syntax error')
 2 APPPATH\Controllers\Users.php(33): CodeIgniter\HTTP\IncomingRequest->getJSON()
 3 SYSTEMPATH\CodeIgniter.php(933): App\Controllers\Users->create()
 4 SYSTEMPATH\CodeIgniter.php(509): CodeIgniter\CodeIgniter->runController(Object(App\Controllers\Users))
 5 SYSTEMPATH\CodeIgniter.php(355): CodeIgniter\CodeIgniter->handleRequest(null, Object(Config\Cache), false)
 6 SYSTEMPATH\Boot.php(325): CodeIgniter\CodeIgniter->run()
 7 SYSTEMPATH\Boot.php(67): CodeIgniter\Boot::runCodeIgniter(Object(CodeIgniter\CodeIgniter))
 8 FCPATH\index.php(56): CodeIgniter\Boot::bootWeb(Object(Config\Paths))
CRITICAL - 2024-10-07 08:14:16 --> CodeIgniter\HTTP\Exceptions\HTTPException: Failed to parse JSON string. Error: Syntax error
[Method: POST, Route: users]
in SYSTEMPATH\HTTP\IncomingRequest.php on line 537.
 1 SYSTEMPATH\HTTP\IncomingRequest.php(537): CodeIgniter\HTTP\Exceptions\HTTPException::forInvalidJSON('Syntax error')
 2 APPPATH\Controllers\Users.php(36): CodeIgniter\HTTP\IncomingRequest->getJSON()
 3 SYSTEMPATH\CodeIgniter.php(933): App\Controllers\Users->create()
 4 SYSTEMPATH\CodeIgniter.php(509): CodeIgniter\CodeIgniter->runController(Object(App\Controllers\Users))
 5 SYSTEMPATH\CodeIgniter.php(355): CodeIgniter\CodeIgniter->handleRequest(null, Object(Config\Cache), false)
 6 SYSTEMPATH\Boot.php(325): CodeIgniter\CodeIgniter->run()
 7 SYSTEMPATH\Boot.php(67): CodeIgniter\Boot::runCodeIgniter(Object(CodeIgniter\CodeIgniter))
 8 FCPATH\index.php(56): CodeIgniter\Boot::bootWeb(Object(Config\Paths))
CRITICAL - 2024-10-07 08:14:36 --> CodeIgniter\HTTP\Exceptions\HTTPException: Failed to parse JSON string. Error: Syntax error
[Method: POST, Route: users]
in SYSTEMPATH\HTTP\IncomingRequest.php on line 537.
 1 SYSTEMPATH\HTTP\IncomingRequest.php(537): CodeIgniter\HTTP\Exceptions\HTTPException::forInvalidJSON('Syntax error')
 2 APPPATH\Controllers\Users.php(34): CodeIgniter\HTTP\IncomingRequest->getJSON()
 3 SYSTEMPATH\CodeIgniter.php(933): App\Controllers\Users->create()
 4 SYSTEMPATH\CodeIgniter.php(509): CodeIgniter\CodeIgniter->runController(Object(App\Controllers\Users))
 5 SYSTEMPATH\CodeIgniter.php(355): CodeIgniter\CodeIgniter->handleRequest(null, Object(Config\Cache), false)
 6 SYSTEMPATH\Boot.php(325): CodeIgniter\CodeIgniter->run()
 7 SYSTEMPATH\Boot.php(67): CodeIgniter\Boot::runCodeIgniter(Object(CodeIgniter\CodeIgniter))
 8 FCPATH\index.php(56): CodeIgniter\Boot::bootWeb(Object(Config\Paths))
CRITICAL - 2024-10-07 08:14:50 --> CodeIgniter\HTTP\Exceptions\HTTPException: Failed to parse JSON string. Error: Syntax error
[Method: POST, Route: users]
in SYSTEMPATH\HTTP\IncomingRequest.php on line 537.
 1 SYSTEMPATH\HTTP\IncomingRequest.php(537): CodeIgniter\HTTP\Exceptions\HTTPException::forInvalidJSON('Syntax error')
 2 APPPATH\Controllers\Users.php(34): CodeIgniter\HTTP\IncomingRequest->getJSON()
 3 SYSTEMPATH\CodeIgniter.php(933): App\Controllers\Users->create()
 4 SYSTEMPATH\CodeIgniter.php(509): CodeIgniter\CodeIgniter->runController(Object(App\Controllers\Users))
 5 SYSTEMPATH\CodeIgniter.php(355): CodeIgniter\CodeIgniter->handleRequest(null, Object(Config\Cache), false)
 6 SYSTEMPATH\Boot.php(325): CodeIgniter\CodeIgniter->run()
 7 SYSTEMPATH\Boot.php(67): CodeIgniter\Boot::runCodeIgniter(Object(CodeIgniter\CodeIgniter))
 8 FCPATH\index.php(56): CodeIgniter\Boot::bootWeb(Object(Config\Paths))
CRITICAL - 2024-10-07 08:14:59 --> CodeIgniter\HTTP\Exceptions\HTTPException: Failed to parse JSON string. Error: Syntax error
[Method: POST, Route: users]
in SYSTEMPATH\HTTP\IncomingRequest.php on line 537.
 1 SYSTEMPATH\HTTP\IncomingRequest.php(537): CodeIgniter\HTTP\Exceptions\HTTPException::forInvalidJSON('Syntax error')
 2 APPPATH\Controllers\Users.php(34): CodeIgniter\HTTP\IncomingRequest->getJSON()
 3 SYSTEMPATH\CodeIgniter.php(933): App\Controllers\Users->create()
 4 SYSTEMPATH\CodeIgniter.php(509): CodeIgniter\CodeIgniter->runController(Object(App\Controllers\Users))
 5 SYSTEMPATH\CodeIgniter.php(355): CodeIgniter\CodeIgniter->handleRequest(null, Object(Config\Cache), false)
 6 SYSTEMPATH\Boot.php(325): CodeIgniter\CodeIgniter->run()
 7 SYSTEMPATH\Boot.php(67): CodeIgniter\Boot::runCodeIgniter(Object(CodeIgniter\CodeIgniter))
 8 FCPATH\index.php(56): CodeIgniter\Boot::bootWeb(Object(Config\Paths))
CRITICAL - 2024-10-07 08:16:55 --> CodeIgniter\HTTP\Exceptions\HTTPException: Failed to parse JSON string. Error: Syntax error
[Method: POST, Route: users]
in SYSTEMPATH\HTTP\IncomingRequest.php on line 537.
 1 SYSTEMPATH\HTTP\IncomingRequest.php(537): CodeIgniter\HTTP\Exceptions\HTTPException::forInvalidJSON('Syntax error')
 2 APPPATH\Controllers\Users.php(34): CodeIgniter\HTTP\IncomingRequest->getJSON()
 3 SYSTEMPATH\CodeIgniter.php(933): App\Controllers\Users->create()
 4 SYSTEMPATH\CodeIgniter.php(509): CodeIgniter\CodeIgniter->runController(Object(App\Controllers\Users))
 5 SYSTEMPATH\CodeIgniter.php(355): CodeIgniter\CodeIgniter->handleRequest(null, Object(Config\Cache), false)
 6 SYSTEMPATH\Boot.php(325): CodeIgniter\CodeIgniter->run()
 7 SYSTEMPATH\Boot.php(67): CodeIgniter\Boot::runCodeIgniter(Object(CodeIgniter\CodeIgniter))
 8 FCPATH\index.php(56): CodeIgniter\Boot::bootWeb(Object(Config\Paths))
ERROR - 2024-10-07 08:17:11 --> mysqli_sql_exception: Le champ 'mail' ne peut être vide (null) in C:\wamp64\www\site\architectureLogiciel1\system\Database\MySQLi\Connection.php:312
Stack trace:
#0 C:\wamp64\www\site\architectureLogiciel1\system\Database\MySQLi\Connection.php(312): mysqli->query('INSERT INTO `us...', 0)
#1 C:\wamp64\www\site\architectureLogiciel1\system\Database\BaseConnection.php(734): CodeIgniter\Database\MySQLi\Connection->execute('INSERT INTO `us...')
#2 C:\wamp64\www\site\architectureLogiciel1\system\Database\BaseConnection.php(648): CodeIgniter\Database\BaseConnection->simpleQuery('INSERT INTO `us...')
#3 C:\wamp64\www\site\architectureLogiciel1\system\Database\BaseBuilder.php(2340): CodeIgniter\Database\BaseConnection->query('INSERT INTO `us...', Array, false)
#4 C:\wamp64\www\site\architectureLogiciel1\system\Model.php(394): CodeIgniter\Database\BaseBuilder->insert()
#5 C:\wamp64\www\site\architectureLogiciel1\system\BaseModel.php(840): CodeIgniter\Model->doInsert(Array)
#6 C:\wamp64\www\site\architectureLogiciel1\system\Model.php(802): CodeIgniter\BaseModel->insert(Array, false)
#7 C:\wamp64\www\site\architectureLogiciel1\system\BaseModel.php(751): CodeIgniter\Model->insert(Object(App\Entities\User), false)
#8 C:\wamp64\www\site\architectureLogiciel1\app\Controllers\Users.php(41): CodeIgniter\BaseModel->save(Object(App\Entities\User))
#9 C:\wamp64\www\site\architectureLogiciel1\system\CodeIgniter.php(933): App\Controllers\Users->create()
#10 C:\wamp64\www\site\architectureLogiciel1\system\CodeIgniter.php(509): CodeIgniter\CodeIgniter->runController(Object(App\Controllers\Users))
#11 C:\wamp64\www\site\architectureLogiciel1\system\CodeIgniter.php(355): CodeIgniter\CodeIgniter->handleRequest(NULL, Object(Config\Cache), false)
#12 C:\wamp64\www\site\architectureLogiciel1\system\Boot.php(325): CodeIgniter\CodeIgniter->run()
#13 C:\wamp64\www\site\architectureLogiciel1\system\Boot.php(67): CodeIgniter\Boot::runCodeIgniter(Object(CodeIgniter\CodeIgniter))
#14 C:\wamp64\www\site\architectureLogiciel1\public\index.php(56): CodeIgniter\Boot::bootWeb(Object(Config\Paths))
#15 {main}
ERROR - 2024-10-07 08:18:09 --> mysqli_sql_exception: Le champ 'mail' ne peut être vide (null) in C:\wamp64\www\site\architectureLogiciel1\system\Database\MySQLi\Connection.php:312
Stack trace:
#0 C:\wamp64\www\site\architectureLogiciel1\system\Database\MySQLi\Connection.php(312): mysqli->query('INSERT INTO `us...', 0)
#1 C:\wamp64\www\site\architectureLogiciel1\system\Database\BaseConnection.php(734): CodeIgniter\Database\MySQLi\Connection->execute('INSERT INTO `us...')
#2 C:\wamp64\www\site\architectureLogiciel1\system\Database\BaseConnection.php(648): CodeIgniter\Database\BaseConnection->simpleQuery('INSERT INTO `us...')
#3 C:\wamp64\www\site\architectureLogiciel1\system\Database\BaseBuilder.php(2340): CodeIgniter\Database\BaseConnection->query('INSERT INTO `us...', Array, false)
#4 C:\wamp64\www\site\architectureLogiciel1\system\Model.php(394): CodeIgniter\Database\BaseBuilder->insert()
#5 C:\wamp64\www\site\architectureLogiciel1\system\BaseModel.php(840): CodeIgniter\Model->doInsert(Array)
#6 C:\wamp64\www\site\architectureLogiciel1\system\Model.php(802): CodeIgniter\BaseModel->insert(Array, false)
#7 C:\wamp64\www\site\architectureLogiciel1\system\BaseModel.php(751): CodeIgniter\Model->insert(Object(App\Entities\User), false)
#8 C:\wamp64\www\site\architectureLogiciel1\app\Controllers\Users.php(41): CodeIgniter\BaseModel->save(Object(App\Entities\User))
#9 C:\wamp64\www\site\architectureLogiciel1\system\CodeIgniter.php(933): App\Controllers\Users->create()
#10 C:\wamp64\www\site\architectureLogiciel1\system\CodeIgniter.php(509): CodeIgniter\CodeIgniter->runController(Object(App\Controllers\Users))
#11 C:\wamp64\www\site\architectureLogiciel1\system\CodeIgniter.php(355): CodeIgniter\CodeIgniter->handleRequest(NULL, Object(Config\Cache), false)
#12 C:\wamp64\www\site\architectureLogiciel1\system\Boot.php(325): CodeIgniter\CodeIgniter->run()
#13 C:\wamp64\www\site\architectureLogiciel1\system\Boot.php(67): CodeIgniter\Boot::runCodeIgniter(Object(CodeIgniter\CodeIgniter))
#14 C:\wamp64\www\site\architectureLogiciel1\public\index.php(56): CodeIgniter\Boot::bootWeb(Object(Config\Paths))
#15 {main}
ERROR - 2024-10-07 08:18:10 --> mysqli_sql_exception: Le champ 'mail' ne peut être vide (null) in C:\wamp64\www\site\architectureLogiciel1\system\Database\MySQLi\Connection.php:312
Stack trace:
#0 C:\wamp64\www\site\architectureLogiciel1\system\Database\MySQLi\Connection.php(312): mysqli->query('INSERT INTO `us...', 0)
#1 C:\wamp64\www\site\architectureLogiciel1\system\Database\BaseConnection.php(734): CodeIgniter\Database\MySQLi\Connection->execute('INSERT INTO `us...')
#2 C:\wamp64\www\site\architectureLogiciel1\system\Database\BaseConnection.php(648): CodeIgniter\Database\BaseConnection->simpleQuery('INSERT INTO `us...')
#3 C:\wamp64\www\site\architectureLogiciel1\system\Database\BaseBuilder.php(2340): CodeIgniter\Database\BaseConnection->query('INSERT INTO `us...', Array, false)
#4 C:\wamp64\www\site\architectureLogiciel1\system\Model.php(394): CodeIgniter\Database\BaseBuilder->insert()
#5 C:\wamp64\www\site\architectureLogiciel1\system\BaseModel.php(840): CodeIgniter\Model->doInsert(Array)
#6 C:\wamp64\www\site\architectureLogiciel1\system\Model.php(802): CodeIgniter\BaseModel->insert(Array, false)
#7 C:\wamp64\www\site\architectureLogiciel1\system\BaseModel.php(751): CodeIgniter\Model->insert(Object(App\Entities\User), false)
#8 C:\wamp64\www\site\architectureLogiciel1\app\Controllers\Users.php(41): CodeIgniter\BaseModel->save(Object(App\Entities\User))
#9 C:\wamp64\www\site\architectureLogiciel1\system\CodeIgniter.php(933): App\Controllers\Users->create()
#10 C:\wamp64\www\site\architectureLogiciel1\system\CodeIgniter.php(509): CodeIgniter\CodeIgniter->runController(Object(App\Controllers\Users))
#11 C:\wamp64\www\site\architectureLogiciel1\system\CodeIgniter.php(355): CodeIgniter\CodeIgniter->handleRequest(NULL, Object(Config\Cache), false)
#12 C:\wamp64\www\site\architectureLogiciel1\system\Boot.php(325): CodeIgniter\CodeIgniter->run()
#13 C:\wamp64\www\site\architectureLogiciel1\system\Boot.php(67): CodeIgniter\Boot::runCodeIgniter(Object(CodeIgniter\CodeIgniter))
#14 C:\wamp64\www\site\architectureLogiciel1\public\index.php(56): CodeIgniter\Boot::bootWeb(Object(Config\Paths))
#15 {main}
ERROR - 2024-10-07 08:18:16 --> mysqli_sql_exception: Le champ 'mail' ne peut être vide (null) in C:\wamp64\www\site\architectureLogiciel1\system\Database\MySQLi\Connection.php:312
Stack trace:
#0 C:\wamp64\www\site\architectureLogiciel1\system\Database\MySQLi\Connection.php(312): mysqli->query('INSERT INTO `us...', 0)
#1 C:\wamp64\www\site\architectureLogiciel1\system\Database\BaseConnection.php(734): CodeIgniter\Database\MySQLi\Connection->execute('INSERT INTO `us...')
#2 C:\wamp64\www\site\architectureLogiciel1\system\Database\BaseConnection.php(648): CodeIgniter\Database\BaseConnection->simpleQuery('INSERT INTO `us...')
#3 C:\wamp64\www\site\architectureLogiciel1\system\Database\BaseBuilder.php(2340): CodeIgniter\Database\BaseConnection->query('INSERT INTO `us...', Array, false)
#4 C:\wamp64\www\site\architectureLogiciel1\system\Model.php(394): CodeIgniter\Database\BaseBuilder->insert()
#5 C:\wamp64\www\site\architectureLogiciel1\system\BaseModel.php(840): CodeIgniter\Model->doInsert(Array)
#6 C:\wamp64\www\site\architectureLogiciel1\system\Model.php(802): CodeIgniter\BaseModel->insert(Array, false)
#7 C:\wamp64\www\site\architectureLogiciel1\system\BaseModel.php(751): CodeIgniter\Model->insert(Object(App\Entities\User), false)
#8 C:\wamp64\www\site\architectureLogiciel1\app\Controllers\Users.php(41): CodeIgniter\BaseModel->save(Object(App\Entities\User))
#9 C:\wamp64\www\site\architectureLogiciel1\system\CodeIgniter.php(933): App\Controllers\Users->create()
#10 C:\wamp64\www\site\architectureLogiciel1\system\CodeIgniter.php(509): CodeIgniter\CodeIgniter->runController(Object(App\Controllers\Users))
#11 C:\wamp64\www\site\architectureLogiciel1\system\CodeIgniter.php(355): CodeIgniter\CodeIgniter->handleRequest(NULL, Object(Config\Cache), false)
#12 C:\wamp64\www\site\architectureLogiciel1\system\Boot.php(325): CodeIgniter\CodeIgniter->run()
#13 C:\wamp64\www\site\architectureLogiciel1\system\Boot.php(67): CodeIgniter\Boot::runCodeIgniter(Object(CodeIgniter\CodeIgniter))
#14 C:\wamp64\www\site\architectureLogiciel1\public\index.php(56): CodeIgniter\Boot::bootWeb(Object(Config\Paths))
#15 {main}
ERROR - 2024-10-07 08:18:24 --> mysqli_sql_exception: Le champ 'mail' ne peut être vide (null) in C:\wamp64\www\site\architectureLogiciel1\system\Database\MySQLi\Connection.php:312
Stack trace:
#0 C:\wamp64\www\site\architectureLogiciel1\system\Database\MySQLi\Connection.php(312): mysqli->query('INSERT INTO `us...', 0)
#1 C:\wamp64\www\site\architectureLogiciel1\system\Database\BaseConnection.php(734): CodeIgniter\Database\MySQLi\Connection->execute('INSERT INTO `us...')
#2 C:\wamp64\www\site\architectureLogiciel1\system\Database\BaseConnection.php(648): CodeIgniter\Database\BaseConnection->simpleQuery('INSERT INTO `us...')
#3 C:\wamp64\www\site\architectureLogiciel1\system\Database\BaseBuilder.php(2340): CodeIgniter\Database\BaseConnection->query('INSERT INTO `us...', Array, false)
#4 C:\wamp64\www\site\architectureLogiciel1\system\Model.php(394): CodeIgniter\Database\BaseBuilder->insert()
#5 C:\wamp64\www\site\architectureLogiciel1\system\BaseModel.php(840): CodeIgniter\Model->doInsert(Array)
#6 C:\wamp64\www\site\architectureLogiciel1\system\Model.php(802): CodeIgniter\BaseModel->insert(Array, false)
#7 C:\wamp64\www\site\architectureLogiciel1\system\BaseModel.php(751): CodeIgniter\Model->insert(Object(App\Entities\User), false)
#8 C:\wamp64\www\site\architectureLogiciel1\app\Controllers\Users.php(41): CodeIgniter\BaseModel->save(Object(App\Entities\User))
#9 C:\wamp64\www\site\architectureLogiciel1\system\CodeIgniter.php(933): App\Controllers\Users->create()
#10 C:\wamp64\www\site\architectureLogiciel1\system\CodeIgniter.php(509): CodeIgniter\CodeIgniter->runController(Object(App\Controllers\Users))
#11 C:\wamp64\www\site\architectureLogiciel1\system\CodeIgniter.php(355): CodeIgniter\CodeIgniter->handleRequest(NULL, Object(Config\Cache), false)
#12 C:\wamp64\www\site\architectureLogiciel1\system\Boot.php(325): CodeIgniter\CodeIgniter->run()
#13 C:\wamp64\www\site\architectureLogiciel1\system\Boot.php(67): CodeIgniter\Boot::runCodeIgniter(Object(CodeIgniter\CodeIgniter))
#14 C:\wamp64\www\site\architectureLogiciel1\public\index.php(56): CodeIgniter\Boot::bootWeb(Object(Config\Paths))
#15 {main}
CRITICAL - 2024-10-07 08:20:43 --> CodeIgniter\HTTP\Exceptions\HTTPException: Failed to parse JSON string. Error: Syntax error
[Method: PUT, Route: users/1]
in SYSTEMPATH\HTTP\IncomingRequest.php on line 537.
 1 SYSTEMPATH\HTTP\IncomingRequest.php(537): CodeIgniter\HTTP\Exceptions\HTTPException::forInvalidJSON('Syntax error')
 2 APPPATH\Controllers\Users.php(61): CodeIgniter\HTTP\IncomingRequest->getJSON()
 3 SYSTEMPATH\CodeIgniter.php(933): App\Controllers\Users->update('1')
 4 SYSTEMPATH\CodeIgniter.php(509): CodeIgniter\CodeIgniter->runController(Object(App\Controllers\Users))
 5 SYSTEMPATH\CodeIgniter.php(355): CodeIgniter\CodeIgniter->handleRequest(null, Object(Config\Cache), false)
 6 SYSTEMPATH\Boot.php(325): CodeIgniter\CodeIgniter->run()
 7 SYSTEMPATH\Boot.php(67): CodeIgniter\Boot::runCodeIgniter(Object(CodeIgniter\CodeIgniter))
 8 FCPATH\index.php(56): CodeIgniter\Boot::bootWeb(Object(Config\Paths))
ERROR - 2024-10-07 08:21:33 --> mysqli_sql_exception: Le champ 'mail' ne peut être vide (null) in C:\wamp64\www\site\architectureLogiciel1\system\Database\MySQLi\Connection.php:312
Stack trace:
#0 C:\wamp64\www\site\architectureLogiciel1\system\Database\MySQLi\Connection.php(312): mysqli->query('INSERT INTO `us...', 0)
#1 C:\wamp64\www\site\architectureLogiciel1\system\Database\BaseConnection.php(734): CodeIgniter\Database\MySQLi\Connection->execute('INSERT INTO `us...')
#2 C:\wamp64\www\site\architectureLogiciel1\system\Database\BaseConnection.php(648): CodeIgniter\Database\BaseConnection->simpleQuery('INSERT INTO `us...')
#3 C:\wamp64\www\site\architectureLogiciel1\system\Database\BaseBuilder.php(2340): CodeIgniter\Database\BaseConnection->query('INSERT INTO `us...', Array, false)
#4 C:\wamp64\www\site\architectureLogiciel1\system\Model.php(394): CodeIgniter\Database\BaseBuilder->insert()
#5 C:\wamp64\www\site\architectureLogiciel1\system\BaseModel.php(840): CodeIgniter\Model->doInsert(Array)
#6 C:\wamp64\www\site\architectureLogiciel1\system\Model.php(802): CodeIgniter\BaseModel->insert(Array, false)
#7 C:\wamp64\www\site\architectureLogiciel1\system\BaseModel.php(751): CodeIgniter\Model->insert(Object(App\Entities\User), false)
#8 C:\wamp64\www\site\architectureLogiciel1\app\Controllers\Users.php(69): CodeIgniter\BaseModel->save(Object(App\Entities\User))
#9 C:\wamp64\www\site\architectureLogiciel1\system\CodeIgniter.php(933): App\Controllers\Users->update('2')
#10 C:\wamp64\www\site\architectureLogiciel1\system\CodeIgniter.php(509): CodeIgniter\CodeIgniter->runController(Object(App\Controllers\Users))
#11 C:\wamp64\www\site\architectureLogiciel1\system\CodeIgniter.php(355): CodeIgniter\CodeIgniter->handleRequest(NULL, Object(Config\Cache), false)
#12 C:\wamp64\www\site\architectureLogiciel1\system\Boot.php(325): CodeIgniter\CodeIgniter->run()
#13 C:\wamp64\www\site\architectureLogiciel1\system\Boot.php(67): CodeIgniter\Boot::runCodeIgniter(Object(CodeIgniter\CodeIgniter))
#14 C:\wamp64\www\site\architectureLogiciel1\public\index.php(56): CodeIgniter\Boot::bootWeb(Object(Config\Paths))
#15 {main}
ERROR - 2024-10-07 08:21:53 --> mysqli_sql_exception: Duplicata du champ 'prevost.durand@example.com' pour la clef 'mail' in C:\wamp64\www\site\architectureLogiciel1\system\Database\MySQLi\Connection.php:312
Stack trace:
#0 C:\wamp64\www\site\architectureLogiciel1\system\Database\MySQLi\Connection.php(312): mysqli->query('INSERT INTO `us...', 0)
#1 C:\wamp64\www\site\architectureLogiciel1\system\Database\BaseConnection.php(734): CodeIgniter\Database\MySQLi\Connection->execute('INSERT INTO `us...')
#2 C:\wamp64\www\site\architectureLogiciel1\system\Database\BaseConnection.php(648): CodeIgniter\Database\BaseConnection->simpleQuery('INSERT INTO `us...')
#3 C:\wamp64\www\site\architectureLogiciel1\system\Database\BaseBuilder.php(2340): CodeIgniter\Database\BaseConnection->query('INSERT INTO `us...', Array, false)
#4 C:\wamp64\www\site\architectureLogiciel1\system\Model.php(394): CodeIgniter\Database\BaseBuilder->insert()
#5 C:\wamp64\www\site\architectureLogiciel1\system\BaseModel.php(840): CodeIgniter\Model->doInsert(Array)
#6 C:\wamp64\www\site\architectureLogiciel1\system\Model.php(802): CodeIgniter\BaseModel->insert(Array, false)
#7 C:\wamp64\www\site\architectureLogiciel1\system\BaseModel.php(751): CodeIgniter\Model->insert(Object(App\Entities\User), false)
#8 C:\wamp64\www\site\architectureLogiciel1\app\Controllers\Users.php(69): CodeIgniter\BaseModel->save(Object(App\Entities\User))
#9 C:\wamp64\www\site\architectureLogiciel1\system\CodeIgniter.php(933): App\Controllers\Users->update('2')
#10 C:\wamp64\www\site\architectureLogiciel1\system\CodeIgniter.php(509): CodeIgniter\CodeIgniter->runController(Object(App\Controllers\Users))
#11 C:\wamp64\www\site\architectureLogiciel1\system\CodeIgniter.php(355): CodeIgniter\CodeIgniter->handleRequest(NULL, Object(Config\Cache), false)
#12 C:\wamp64\www\site\architectureLogiciel1\system\Boot.php(325): CodeIgniter\CodeIgniter->run()
#13 C:\wamp64\www\site\architectureLogiciel1\system\Boot.php(67): CodeIgniter\Boot::runCodeIgniter(Object(CodeIgniter\CodeIgniter))
#14 C:\wamp64\www\site\architectureLogiciel1\public\index.php(56): CodeIgniter\Boot::bootWeb(Object(Config\Paths))
#15 {main}
ERROR - 2024-10-07 08:26:06 --> mysqli_sql_exception: Duplicata du champ 'prevost@company.com' pour la clef 'mail' in C:\wamp64\www\site\architectureLogiciel1\system\Database\MySQLi\Connection.php:312
Stack trace:
#0 C:\wamp64\www\site\architectureLogiciel1\system\Database\MySQLi\Connection.php(312): mysqli->query('INSERT INTO `us...', 0)
#1 C:\wamp64\www\site\architectureLogiciel1\system\Database\BaseConnection.php(734): CodeIgniter\Database\MySQLi\Connection->execute('INSERT INTO `us...')
#2 C:\wamp64\www\site\architectureLogiciel1\system\Database\BaseConnection.php(648): CodeIgniter\Database\BaseConnection->simpleQuery('INSERT INTO `us...')
#3 C:\wamp64\www\site\architectureLogiciel1\system\Database\BaseBuilder.php(2340): CodeIgniter\Database\BaseConnection->query('INSERT INTO `us...', Array, false)
#4 C:\wamp64\www\site\architectureLogiciel1\system\Model.php(394): CodeIgniter\Database\BaseBuilder->insert()
#5 C:\wamp64\www\site\architectureLogiciel1\system\BaseModel.php(840): CodeIgniter\Model->doInsert(Array)
#6 C:\wamp64\www\site\architectureLogiciel1\system\Model.php(802): CodeIgniter\BaseModel->insert(Array, false)
#7 C:\wamp64\www\site\architectureLogiciel1\system\BaseModel.php(751): CodeIgniter\Model->insert(Object(App\Entities\User), false)
#8 C:\wamp64\www\site\architectureLogiciel1\app\Controllers\Users.php(69): CodeIgniter\BaseModel->save(Object(App\Entities\User))
#9 C:\wamp64\www\site\architectureLogiciel1\system\CodeIgniter.php(933): App\Controllers\Users->update('2')
#10 C:\wamp64\www\site\architectureLogiciel1\system\CodeIgniter.php(509): CodeIgniter\CodeIgniter->runController(Object(App\Controllers\Users))
#11 C:\wamp64\www\site\architectureLogiciel1\system\CodeIgniter.php(355): CodeIgniter\CodeIgniter->handleRequest(NULL, Object(Config\Cache), false)
#12 C:\wamp64\www\site\architectureLogiciel1\system\Boot.php(325): CodeIgniter\CodeIgniter->run()
#13 C:\wamp64\www\site\architectureLogiciel1\system\Boot.php(67): CodeIgniter\Boot::runCodeIgniter(Object(CodeIgniter\CodeIgniter))
#14 C:\wamp64\www\site\architectureLogiciel1\public\index.php(56): CodeIgniter\Boot::bootWeb(Object(Config\Paths))
#15 {main}
